Build started 6/13/2011 9:48:56 PM.
     1>Project "C:\Users\richie\Documents\bdt-code\coprthr\msvs2010\test\test_stdcl_arg_int\test_stdcl_arg_int.vcxproj" on node 3 (rebuild target(s)).
     1>_PrepareForClean:
         Deleting file "x64\Release\test_stdcl_arg_int.lastbuildstate".
       InitializeBuildStatus:
         Touching "x64\Release\test_stdcl_arg_int.unsuccessfulbuild".
       ClCompile:
         C:\Program Files (x86)\Microsoft Visual Studio 10.0\VC\bin\x86_amd64\CL.exe /c /Zi /nologo /W3 /WX- /O2 /Oi /GL /D WIN32 /D NDEBUG /D _CONSOLE /D _UNICODE /D UNICODE /Gm- /EHsc /MD /GS /Gy /fp:precise /Zc:wchar_t /Zc:forScope /Fo"x64\Release\\" /Fd"x64\Release\vc100.pdb" /Gd /TP /errorReport:prompt stdafx.cpp test_stdcl_arg_int.cpp
         stdafx.cpp
         test_stdcl_arg_int.cpp
     1>test_stdcl_arg_int.cpp(9): fatal error C1083: Cannot open include file: 'stdcl.h': No such file or directory
     1>Done Building Project "C:\Users\richie\Documents\bdt-code\coprthr\msvs2010\test\test_stdcl_arg_int\test_stdcl_arg_int.vcxproj" (rebuild target(s)) -- FAILED.

Build FAILED.

Time Elapsed 00:00:00.88
