Build started 6/13/2011 9:48:53 PM.
     1>Project "C:\Users\richie\Documents\bdt-code\coprthr\msvs2010\test\test_stdcl_ndev_float4\test_stdcl_ndev_float4.vcxproj" on node 2 (rebuild target(s)).
     1>InitializeBuildStatus:
         Creating "x64\Release\test_stdcl_ndev_float4.unsuccessfulbuild" because "AlwaysCreate" was specified.
       ClCompile:
         C:\Program Files (x86)\Microsoft Visual Studio 10.0\VC\bin\x86_amd64\CL.exe /c /Zi /nologo /W3 /WX- /O2 /Oi /GL /D WIN32 /D NDEBUG /D _CONSOLE /D _UNICODE /D UNICODE /Gm- /EHsc /MD /GS /Gy /fp:precise /Zc:wchar_t /Zc:forScope /Fo"x64\Release\\" /Fd"x64\Release\vc100.pdb" /Gd /TP /errorReport:prompt stdafx.cpp test_stdcl_ndev_float4.cpp
         stdafx.cpp
         test_stdcl_ndev_float4.cpp
     1>test_stdcl_ndev_float4.cpp(9): fatal error C1083: Cannot open include file: 'stdcl.h': No such file or directory
     1>Done Building Project "C:\Users\richie\Documents\bdt-code\coprthr\msvs2010\test\test_stdcl_ndev_float4\test_stdcl_ndev_float4.vcxproj" (rebuild target(s)) -- FAILED.

Build FAILED.

Time Elapsed 00:00:00.56
